\BOOKMARK [0][-]{chapter.1}{\376\377\000\332\000v\000o\000d}{}% 1
\BOOKMARK [0][-]{chapter.2}{\376\377\000P\000i\000x\000e\000l\000o\000v\000\351\000\040\000d\000e\000t\000e\000k\000t\000o\000r\000y\000\040\000r\000a\000d\000i\000a\000c\000e}{}% 2
\BOOKMARK [1][-]{section.2.1}{\376\377\000P\000r\000i\000n\000c\000i\000p\000\040\001\015\000i\000n\000n\000o\000s\000t\000i\000\040\000p\000i\000x\000e\000l\000o\000v\000\375\000c\000h\000\040\000d\000e\000t\000e\000k\000t\000o\000r\001\157}{chapter.2}% 3
\BOOKMARK [1][-]{section.2.2}{\376\377\000V\000y\001\015\000\355\000t\000a\000c\000\355\000\040\000z\000a\001\131\000\355\000z\000e\000n\000\355\000\040\000p\000r\000o\000\040\000p\000i\000x\000e\000l\000o\000v\000\351\000\040\000d\000e\000t\000e\000k\000t\000o\000r\000y}{chapter.2}% 4
\BOOKMARK [2][-]{subsection.2.2.1}{\376\377\000U\000S\000B\000\040\000L\000i\000t\000e}{section.2.2}% 5
\BOOKMARK [2][-]{subsection.2.2.2}{\376\377\000M\000i\000n\000i\000P\000I\000X\000\040\000S\000P\000R\000I\000N\000T\000E\000R}{section.2.2}% 6
\BOOKMARK [2][-]{subsection.2.2.3}{\376\377\000K\000a\000t\000h\000e\000r\000i\000n\000e\000\040\000p\000r\000o\000\040\000T\000i\000m\000e\000p\000i\000x\000\040\0002}{section.2.2}% 7
\BOOKMARK [0][-]{chapter.3}{\376\377\000T\000i\000m\000e\000p\000i\000x\000\040\0002}{}% 8
\BOOKMARK [1][-]{section.3.1}{\376\377\000T\000e\000c\000h\000n\000i\000c\000k\000\341\000\040\000s\000p\000e\000c\000i\000f\000i\000k\000a\000c\000e}{chapter.3}% 9
\BOOKMARK [2][-]{subsection.3.1.1}{\376\377\000N\000a\000p\000\341\000j\000e\000n\000\355}{section.3.1}% 10
\BOOKMARK [2][-]{subsection.3.1.2}{\376\377\000R\000o\000z\000h\000r\000a\000n\000\355\000\040\000p\000r\000o\000\040\000p\001\131\000i\000p\000o\000j\000e\000n\000\355\000\040\000T\000i\000m\000e\000p\000i\000x\000\040\0002\000\040\000k\000\040\000d\000e\000s\000c\000e\000\040\000p\000l\000o\001\141\000n\000\375\000c\000h\000\040\000s\000p\000o\000j\001\157}{section.3.1}% 11
\BOOKMARK [1][-]{section.3.2}{\376\377\000K\000o\000m\000u\000n\000i\000k\000a\001\015\000n\000\355\000\040\000r\000o\000z\000h\000r\000a\000n\000\355}{chapter.3}% 12
\BOOKMARK [2][-]{subsection.3.2.1}{\376\377\000L\000o\000g\000i\000c\000k\000\351\000\040\000\372\000r\000o\000v\000n\001\033}{section.3.2}% 13
\BOOKMARK [2][-]{subsection.3.2.2}{\376\377\000S\000t\000r\000u\000k\000t\000u\000r\000a\000\040\000k\000o\000m\000u\000n\000i\000k\000a\000c\000e}{section.3.2}% 14
\BOOKMARK [1][-]{section.3.3}{\376\377\000A\000n\000a\000l\000o\000g\000o\000v\000\341\000\040\001\015\000\341\000s\000t}{chapter.3}% 15
\BOOKMARK [1][-]{section.3.4}{\376\377\000D\000i\000g\000i\000t\000\341\000l\000n\000\355\000\040\001\015\000\341\000s\000t}{chapter.3}% 16
\BOOKMARK [0][-]{chapter.4}{\376\377\000N\000\341\000v\000r\000h\000\040\001\131\000e\001\141\000e\000n\000\355}{}% 17
\BOOKMARK [1][-]{section.4.1}{\376\377\000B\000l\000o\000k\000o\000v\000\375\000\040\000d\000i\000a\000g\000r\000a\000m}{chapter.4}% 18
\BOOKMARK [1][-]{section.4.2}{\376\377\000P\000o\001\176\000a\000d\000a\000v\000k\000y\000\040\000n\000a\000\040\000r\000e\000a\000l\000i\000z\000a\000c\000i}{chapter.4}% 19
\BOOKMARK [2][-]{subsection.4.2.1}{\376\377\000V\000\375\000p\000o\001\015\000e\000t\000n\000\355\000\040\000v\000\375\000k\000o\000n}{section.4.2}% 20
\BOOKMARK [2][-]{subsection.4.2.2}{\376\377\000K\000o\000m\000u\000n\000i\000k\000a\001\015\000n\000\355\000\040\000r\000o\000z\000h\000r\000a\000n\000\355}{section.4.2}% 21
\BOOKMARK [2][-]{subsection.4.2.3}{\376\377\000S\000p\000o\000t\001\131\000e\000b\000a}{section.4.2}% 22
\BOOKMARK [2][-]{subsection.4.2.4}{\376\377\000M\000e\000c\000h\000a\000n\000i\000k\000a}{section.4.2}% 23
\BOOKMARK [0][-]{chapter.5}{\376\377\000R\000e\000a\000l\000i\000z\000a\000c\000e}{}% 24
\BOOKMARK [1][-]{section.5.1}{\376\377\000Z\000\341\000k\000l\000a\000d\000n\000\355\000\040\000d\000e\000s\000k\000a}{chapter.5}% 25
\BOOKMARK [2][-]{subsection.5.1.1}{\376\377\000P\000r\000o\000c\000e\000s\000o\000r}{section.5.1}% 26
\BOOKMARK [2][-]{subsection.5.1.2}{\376\377\000N\000a\000p\000\341\000j\000e\000n\000\355}{section.5.1}% 27
\BOOKMARK [2][-]{subsection.5.1.3}{\376\377\000K\000o\000n\000v\000e\000r\000z\000e\000\040\000l\000o\000g\000i\000c\000k\000\375\000c\000h\000\040\000\372\000r\000o\000v\000n\000\355}{section.5.1}% 28
\BOOKMARK [2][-]{subsection.5.1.4}{\376\377\000U\000S\000B}{section.5.1}% 29
\BOOKMARK [1][-]{section.5.2}{\376\377\000D\000e\000s\000k\000a\000\040\000s\000\040\000T\000i\000m\000e\000p\000i\000x\000\040\0002}{chapter.5}% 30
\BOOKMARK [2][-]{subsection.5.2.1}{\376\377\000N\000a\000p\000\341\000j\000e\000n\000\355\000\040\000T\000i\000m\000e\000p\000i\000x\000\040\0002}{section.5.2}% 31
\BOOKMARK [2][-]{subsection.5.2.2}{\376\377\000V\000y\000s\000o\000k\000o\000n\000a\000p\001\033\001\145\000o\000v\000\375\000\040\000z\000d\000r\000o\000j}{section.5.2}% 32
\BOOKMARK [2][-]{subsection.5.2.3}{\376\377\000M\001\033\001\131\000e\000n\000\355\000\040\000t\000e\000p\000l\000o\000t\000y}{section.5.2}% 33
\BOOKMARK [0][-]{chapter.6}{\376\377\000T\000e\000s\000t\000o\000v\000\341\000n\000\355}{}% 34
\BOOKMARK [1][-]{section.6.1}{\376\377\000D\000i\000g\000i\000t\000\341\000l\000n\000\355\000\040\000t\000e\000s\000t\000\040\000T\000i\000m\000e\000p\000i\000x\000\040\0002}{chapter.6}% 35
\BOOKMARK [2][-]{subsection.6.1.1}{\376\377\000V\000y\001\015\000t\000e\000n\000\355\000\040\000a\000\040\000z\000a\000p\000s\000\341\000n\000\355\000\040\000p\000i\000x\000e\000l\000o\000v\000\375\000c\000h\000\040\000m\000a\000t\000i\000c}{section.6.1}% 36
\BOOKMARK [2][-]{subsection.6.1.2}{\376\377\000V\000y\001\015\000t\000e\000n\000\355\000\040\000c\000h\000i\000p\000\040\000I\000D}{section.6.1}% 37
\BOOKMARK [1][-]{section.6.2}{\376\377\000M\001\033\001\131\000e\000n\000\355\000\040\000s\000p\000o\000t\001\131\000e\000b\000y}{chapter.6}% 38
\BOOKMARK [2][-]{subsection.6.2.1}{\376\377\000P\000o\000r\000o\000v\000n\000\341\000n\000\355\000\040\000s\000p\000o\000t\001\131\000e\000b\000y}{section.6.2}% 39
\BOOKMARK [1][-]{section.6.3}{\376\377\000D\000o\000s\000a\001\176\000e\000n\000\351\000\040\000p\000a\000r\000a\000m\000e\000t\000r\000y}{chapter.6}% 40
\BOOKMARK [0][-]{chapter.7}{\376\377\000Z\000\341\000v\001\033\000r}{}% 41
\BOOKMARK [0][-]{chapter*.18}{\376\377\000S\000e\000z\000n\000a\000m\000\040\000p\000o\000u\001\176\000i\000t\000\351\000\040\000l\000i\000t\000e\000r\000a\000t\000u\000r\000y}{}% 42
\BOOKMARK [0][-]{chapter*.19}{\376\377\000S\000e\000z\000n\000a\000m\000\040\000p\000o\000u\001\176\000i\000t\000\375\000c\000h\000\040\000s\000y\000m\000b\000o\000l\001\157}{}% 43
\BOOKMARK [0][-]{chapter*.20}{\376\377\000S\000e\000z\000n\000a\000m\000\040\000p\000o\000u\001\176\000i\000t\000\375\000c\000h\000\040\000z\000k\000r\000a\000t\000e\000k}{}% 44
